3


Please be warned that the following tests discard all output to stdout/stderr
Sparse tests: If nothing between '=' signs, then test is passed
Press enter to continue
Sparse Test 1:
==========
--- outfile1.txt	2019-10-30 10:41:30.000000001 -0700
+++ model-outfile1.txt	2019-10-30 10:41:25.000000001 -0700
@@ -14,7 +14,9 @@
 3:(1, 10.5) (2, 12.0) (3, 13.5) 
 
 A+B =
+1: (1, 2.0) (2, 2.0) (3, 4.0)
 2:(1, 4.0) (2, 6.0) (3, 6.0) 
+3: (1, 8.0) (2, 9.0) (3, 10.0)
 
 A+A =
 1:(1, 2.0) (2, 4.0) (3, 6.0) 
@@ -22,7 +24,9 @@
 3:(1, 14.0) (2, 16.0) (3, 18.0) 
 
 B-A =
+1: (2, -2.0) (3, -2.0)
 2:(1, -4.0) (2, -4.0) (3, -6.0) 
+3: (1, -6.0) (2, -7.0) (3, -8.0)
 
 A-A =
 
==========
Sparse Test 2:
==========
--- outfile2.txt	2019-10-30 10:41:30.000000001 -0700
+++ model-outfile2.txt	2019-10-30 10:41:26.000000001 -0700
@@ -31,7 +31,16 @@
 8:(7, 2730.8) (8, -7442.0) (9, 13594.8) 
 
 A+B =
+1: (1, 8596.3) (2, 835.0) (4, 5830.3)
+2: (4, -6315.9) (10, -872.5)
+3: (1, -3013.9) (5, -5437.9) (8, 9269.1)
+4: (5, -9229.6) (7, -2402.8) (8, 6786.0)
+5: (1, -1114.8) (2, 816.8) (7, -9982.4)
+6: (3, 848.7) (4, 5568.6) (5, -3604.1) (7, 8095.4)
+7: (1, -8517.1) (3, 2903.1) (9, -644.5)
+8: (7, 1820.5) (8, -4961.3) (9, 12727.9)
 9:(10, -2108.5) 
+10: (4, 9159.8)
 
 A+A =
 1:(1, 17192.6) (4, 11660.6) 
@@ -44,7 +53,16 @@
 8:(7, 3641.0) (8, -9922.6) (9, 18126.4) 
 
 B-A =
+1: (1, -8596.3) (2, 835.0) (4, -5830.3)
+2: (4, 6315.9) (10, -872.5)
+3: (1, 3013.9) (5, -5437.9) (8, 9269.1)
+4: (5, 9229.6) (7, 2402.8) (8, 6786.0)
+5: (1, 1114.8) (2, 816.8) (7, 9982.4)
+6: (3, 848.7) (4, -5568.6) (5, 3604.1) (7, -8095.4)
+7: (1, -8517.1) (3, 2903.1) (9, 644.5)
+8: (7, -1820.5) (8, 4961.3) (9, -5398.5)
 9:(10, -2108.5) 
+10: (4, 9159.8)
 
 A-A =
 
==========
Sparse Test 3:
==========
--- outfile3.txt	2019-10-30 10:41:30.000000001 -0700
+++ model-outfile3.txt	2019-10-30 10:41:26.000000001 -0700
@@ -56,7 +56,26 @@
 20:(7, -5235.8) (16, -9959.4) (17, -2180.1) (18, 3168.6) 
 
 A+B =
+1: (6, -7607.6)
+2: (2, 9792.3)
+3: (3, -7433.3) (9, -7044.9) (14, 3717.5)
+4: (5, -6018.9) (8, 9843.4) (9, -5056.4) (12, -815.1) (14, -8592.6) (16, 4544.1) (20, -4788.1)
+5: (3, -9731.7) (4, 3948.1) (6, 650.6) (11, -6087.6) (13, -3487.3) (20, 4706.0)
+6: (6, -3442.1) (8, 6019.1) (17, -6543.7)
+7: (4, 3252.7) (10, 5485.6) (16, -3544.5) (20, 7494.4)
+8: (1, 2195.8) (2, 8989.5) (6, -605.6) (17, 7789.1)
+9: (4, -1331.4) (5, 6744.1) (7, -4702.6) (8, 2218.0) (9, 3894.5) (16, 4347.5) (20, 3768.4)
+10: (2, -1821.5) (3, 8128.7) (4, -9090.5) (7, 2671.7) (9, 8080.1) (12, -7499.9) (15, -8204.6) (17, -3793.7)
+11: (2, -5704.5) (10, -8284.5) (13, 2285.5) (16, -3048.2)
+12: (1, -5040.3) (8, -2840.7) (10, 4934.7) (11, 3548.5)
+13: (3, -9078.3) (8, 9314.0) (9, -3934.8) (15, 8622.2) (17, 9768.6)
+14: (2, 8936.5) (9, 11488.5)
+15: (2, -7389.8) (6, 8410.6)
+16: (7, 7374.4) (16, -9176.0) (17, -3214.9)
+17: (5, -9011.6) (20, -3669.2)
+18: (2, -7953.6) (6, -6203.5) (11, -334.1) (12, 8626.8) (13, 3324.5)
 19:(1, 2848.7) (5, -1692.8) (7, -1429.9) (8, 4750.6) (12, -7007.8) (15, -7875.9) (16, 36.2) 
+20: (2, 2141.8) (7, -3490.5) (15, 9038.8) (16, -6639.6) (17, -1453.4) (18, 2112.4)
 
 A+A =
 3:(3, -14866.6) (9, -14089.8) 
@@ -78,7 +97,26 @@
 20:(7, -6981.0) (16, -13279.2) (17, -2906.8) (18, 4224.8) 
 
 B-A =
+1: (6, -7607.6)
+2: (2, 9792.3)
+3: (3, 7433.3) (9, 7044.9) (14, 3717.5)
+4: (5, 6018.9) (8, 5610.2) (9, -5056.4) (12, 815.1) (14, 8592.6) (16, 4544.1) (20, -4788.1)
+5: (3, 9731.7) (4, 3948.1) (6, 650.6) (11, -6087.6) (13, 3487.3) (20, -4706.0)
+6: (6, -3442.1) (8, 6019.1) (17, -6543.7)
+7: (4, -3252.7) (10, -5485.6) (16, 3544.5) (20, -7494.4)
+8: (1, -2195.8) (2, 8989.5) (6, -605.6) (17, 7789.1)
+9: (4, 1331.4) (5, -6744.1) (7, -4702.6) (8, 2218.0) (9, 3894.5) (16, -4347.5) (20, -3768.4)
+10: (2, -1821.5) (3, -8128.7) (4, 9090.5) (7, 2671.7) (9, -8080.1) (12, -7499.9) (15, 8204.6) (17, -3793.7)
+11: (2, 5704.5) (10, 8284.5) (13, 2285.5) (16, 3048.2)
+12: (1, 5040.3) (8, 2840.7) (10, -4934.7) (11, -3548.5)
+13: (3, -9078.3) (8, 9314.0) (9, -3934.8) (15, -8622.2) (17, -9768.6)
+14: (2, 8936.5) (9, -6795.9)
+15: (2, 7389.8) (6, -8410.6)
+16: (7, 7374.4) (16, 9176.0) (17, 3214.9)
+17: (5, 9011.6) (20, -10058.4)
+18: (2, -7953.6) (6, 5423.5) (11, 334.1) (12, -9255.8) (13, 3324.5)
 19:(1, -2848.7) (5, -1692.8) (7, 1429.9) (8, -4750.6) (12, -7007.8) (15, -8526.3) (16, -36.2) 
+20: (2, 2141.8) (7, 3490.5) (15, 9038.8) (16, 6639.6) (17, 1453.4) (18, -2112.4)
 
 A-A =
 
==========
Sparse Test 4:
==========
--- outfile4.txt	2019-10-30 10:41:40.000000001 -0700
+++ model-outfile4.txt	2019-10-30 10:41:27.000000001 -0700
@@ -115,6 +115,76 @@
 9953:(3711, 6749.8) 
 
 A+B =
+464: (3705, 4562.0)
+658: (9564, 3580.0)
+764: (555, -9889.9)
+806: (2422, -9243.7)
+928: (5744, 5110.8)
+1322: (9412, 3990.1)
+1517: (1113, 823.7)
+1521: (9817, 8850.6)
+1651: (4551, 9012.7)
+1685: (7991, -7526.9)
+1847: (9011, -7952.0)
+2412: (9460, -7117.1)
+3159: (9800, -8833.8)
+3193: (1857, -9036.6)
+3354: (1432, 7965.9)
+3544: (7390, -9373.2)
+3801: (6996, -9030.0)
+3956: (7399, -2031.1)
+4099: (8871, 6450.4)
+4499: (5994, 1498.1)
+4756: (2021, 9307.9)
+4783: (5470, -567.1)
+4837: (7636, -8181.6)
+4840: (1062, 9648.7)
+4891: (9856, 1773.2)
+4991: (3386, 5628.5)
+5061: (1931, 2942.7)
+5158: (4065, -8588.1)
+5416: (5092, 6570.7)
+5469: (9180, 4667.3)
+5594: (389, 938.8)
+5741: (5454, -9646.6)
+5975: (1391, -5687.7)
+5997: (8846, 321.9)
+6141: (5401, -3517.9)
+6163: (1992, -1359.5)
+6181: (8488, 1088.0)
+6595: (2206, 689.1)
+6663: (2133, -1700.8)
+6744: (7802, -5322.8)
+6976: (3750, 528.2)
+7102: (7519, 6669.7)
+7136: (2842, -6325.5)
+7150: (5325, 7834.1)
+7363: (4459, 9048.9)
+7366: (1564, 339.1)
+7400: (3968, 3364.9)
+7430: (8019, -6711.2)
+7473: (4752, -4357.9)
+7541: (7289, -157.0)
+7631: (3590, -6173.4)
+7706: (3581, 5454.7)
+7722: (664, -8618.3)
+7782: (3470, -2658.0)
+7820: (8337, 7505.9)
+7856: (7529, 9014.5)
+8202: (3552, 789.0)
+8228: (7542, 7476.7)
+8269: (377, 7753.9)
+8808: (8519, -2412.0)
+9018: (894, -1419.2)
+9070: (4642, -5007.2)
+9139: (3087, 477.6)
+9243: (1954, 878.4)
+9432: (4996, 2449.8)
+9584: (2234, -6836.8)
+9644: (4525, -6078.5)
+9673: (2601, 1432.0)
+9953: (3711, 4499.9)
+9980: (7000, 2203.2)
 
 A+A =
 464:(3705, 9124.0) 
@@ -159,6 +229,76 @@
 9953:(3711, 8999.8) 
 
 B-A =
+464: (3705, -4562.0)
+658: (9564, -3580.0)
+764: (555, 9889.9)
+806: (2422, 9243.7)
+928: (5744, 5110.8)
+1322: (9412, 3990.1)
+1517: (1113, -823.7)
+1521: (9817, 8850.6)
+1651: (4551, -9012.7)
+1685: (7991, -7526.9)
+1847: (9011, 7952.0)
+2412: (9460, 7117.1)
+3159: (9800, -8833.8)
+3193: (1857, 9036.6)
+3354: (1432, 7965.9)
+3544: (7390, -9373.2)
+3801: (6996, 9030.0)
+3956: (7399, 2031.1)
+4099: (8871, -6450.4)
+4499: (5994, 1498.1)
+4756: (2021, -9307.9)
+4783: (5470, 567.1)
+4837: (7636, 8181.6)
+4840: (1062, -9648.7)
+4891: (9856, 1773.2)
+4991: (3386, 5628.5)
+5061: (1931, -2942.7)
+5158: (4065, -8588.1)
+5416: (5092, 6570.7)
+5469: (9180, 4667.3)
+5594: (389, -938.8)
+5741: (5454, 9646.6)
+5975: (1391, 5687.7)
+5997: (8846, -321.9)
+6141: (5401, 3517.9)
+6163: (1992, 1359.5)
+6181: (8488, 1088.0)
+6595: (2206, 689.1)
+6663: (2133, 1700.8)
+6744: (7802, -5322.8)
+6976: (3750, -528.2)
+7102: (7519, 6669.7)
+7136: (2842, 6325.5)
+7150: (5325, -7834.1)
+7363: (4459, 9048.9)
+7366: (1564, -339.1)
+7400: (3968, 3364.9)
+7430: (8019, 6711.2)
+7473: (4752, -4357.9)
+7541: (7289, -157.0)
+7631: (3590, 6173.4)
+7706: (3581, 5454.7)
+7722: (664, -8618.3)
+7782: (3470, 2658.0)
+7820: (8337, -7505.9)
+7856: (7529, 9014.5)
+8202: (3552, -789.0)
+8228: (7542, -7476.7)
+8269: (377, 7753.9)
+8808: (8519, 2412.0)
+9018: (894, -1419.2)
+9070: (4642, -5007.2)
+9139: (3087, -477.6)
+9243: (1954, 878.4)
+9432: (4996, -2449.8)
+9584: (2234, 6836.8)
+9644: (4525, 6078.5)
+9673: (2601, 1432.0)
+9953: (3711, -4499.9)
+9980: (7000, 2203.2)
 
 A-A =
 
==========
Sparse Test 5:
==========
--- outfile5.txt	2019-10-30 10:41:40.000000001 -0700
+++ model-outfile5.txt	2019-10-30 10:41:27.000000001 -0700
@@ -557,6 +557,340 @@
 993:(450, 1217.6) 
 
 A+B =
+1: (206, -2590.4) (945, 3364.0)
+2: (341, -5897.8)
+3: (572, -9541.5) (836, -7660.0)
+5: (212, 2288.2)
+9: (82, 1909.1)
+11: (487, 4872.9)
+12: (548, -848.2)
+13: (297, -6697.6) (911, -1681.3)
+15: (476, 9961.5)
+16: (878, 2013.6)
+21: (753, 4975.9)
+23: (934, -524.6)
+24: (196, -3332.1)
+25: (105, -5922.7)
+28: (739, 3490.4)
+29: (174, 7619.3)
+31: (40, 1718.1) (914, -2771.4)
+33: (840, -636.4)
+34: (855, 3410.6)
+35: (902, 1691.5)
+42: (313, -4919.2)
+44: (980, -1506.5)
+46: (415, 8021.3)
+49: (934, 6776.3)
+50: (152, -2852.1)
+54: (969, 8054.1)
+65: (768, -860.1)
+68: (167, -2246.3)
+71: (829, 2155.1)
+80: (528, -1343.5)
+85: (124, 8436.6) (554, -5112.0)
+86: (682, 9982.4) (957, -9259.9)
+88: (158, -6778.0)
+91: (288, 3648.9) (600, 2487.3)
+92: (334, -2752.7)
+95: (511, 8808.8)
+98: (981, 6001.8)
+100: (65, 4205.7)
+101: (604, -5894.3)
+107: (504, 3224.0)
+110: (728, 2355.2)
+112: (338, 9293.8)
+113: (483, -500.6)
+121: (485, 833.5)
+128: (721, -2403.6)
+131: (301, 2038.7)
+139: (371, -3832.3)
+144: (62, 568.8)
+153: (428, 3128.2)
+158: (219, -6576.7)
+160: (689, 1494.1)
+162: (397, 3915.8)
+163: (239, -5062.0)
+173: (255, -2255.3) (969, 3065.1)
+175: (498, -3245.4)
+183: (265, 3265.0)
+190: (330, -2514.9)
+191: (395, -3372.6) (469, 6685.7)
+196: (543, -8519.9)
+200: (151, -1820.9)
+208: (587, -4182.9)
+210: (258, -9482.9)
+213: (408, 9292.9)
+214: (216, 2076.4)
+216: (941, -7063.3)
+217: (412, -8198.3) (990, 1955.2)
+220: (97, 1694.1)
+223: (786, 3904.3)
+226: (780, 6380.8)
+227: (56, 2482.5) (181, -9462.7)
+228: (777, 525.8)
+232: (229, 3864.0)
+236: (879, -2942.9)
+238: (659, -4071.8)
+239: (54, 1372.3)
+241: (333, 1943.7)
+242: (216, 6720.8)
+245: (47, -2275.5)
+248: (422, 5915.6)
+251: (82, 2238.7) (398, -7924.0)
+252: (494, -2121.3)
+256: (358, 1187.1)
+266: (810, -1020.5)
+269: (153, 5046.7)
+276: (96, -7023.1)
+280: (749, -5329.4)
+281: (121, 772.3) (251, -2004.0)
+283: (79, 3402.6)
+285: (968, -9695.3)
+287: (922, 997.7)
+289: (183, -1479.9)
+290: (345, 518.4) (533, -309.1)
+291: (137, 2648.3)
+294: (536, 7296.8)
+295: (142, -4547.6)
+296: (21, -9722.9)
+299: (336, 7906.4)
+301: (531, -8641.8)
+305: (359, 3541.1) (426, -8311.3) (633, 3445.9)
+308: (94, -2899.7)
+310: (887, -6318.5)
+311: (625, 6051.7)
+314: (777, -7725.4)
+318: (199, 6424.6)
+320: (680, 8502.4)
+323: (750, 6290.7)
+324: (279, -6867.1)
+328: (458, -2220.3)
+329: (92, 4539.6) (638, 2560.0)
+333: (345, -4436.7) (567, -8048.8)
+334: (518, 7760.2)
+335: (334, 2976.4)
+336: (40, -384.3) (920, -2722.6)
+343: (458, -6589.1) (716, 1871.9)
+345: (913, 3447.9)
+348: (687, -1892.8)
+353: (793, -3307.5)
+354: (689, -4249.2)
+356: (950, 3575.3)
+357: (806, -6804.4)
+358: (194, 230.5) (538, 692.2)
+362: (619, -7582.1)
+364: (312, -6809.2)
+369: (308, 67.6)
+372: (239, 8049.7)
+373: (58, 8413.0)
+374: (552, -8697.3) (792, 296.7)
+375: (710, 3531.3)
+377: (225, 5133.0)
+378: (508, 5539.6) (597, -4616.2) (698, 2020.2)
+379: (87, 9753.0)
+382: (485, 5784.0)
+393: (267, -7122.0)
+394: (354, 7801.9)
+395: (125, 8621.7)
+397: (637, -7227.3)
+406: (996, -9868.2)
+407: (95, 8736.8) (298, -607.3)
+409: (142, 1231.9) (213, 182.9) (588, 9231.7)
+412: (556, -7370.7)
+414: (543, -563.7)
+418: (463, -7032.8)
+422: (12, 8306.2)
+427: (294, 8863.7)
+433: (558, -3713.1)
+434: (858, 3072.4)
+436: (404, -5765.7)
+439: (992, 8323.1)
+441: (168, -7728.7)
+442: (266, -184.4) (861, 1258.7)
+443: (329, 1196.4)
+447: (582, 7208.2)
+451: (795, -9341.4)
+454: (311, 3699.7)
+458: (427, 4203.0)
+461: (585, 4712.6)
+462: (285, -3737.6)
+467: (188, -1604.5) (273, -1597.9)
+468: (409, -3919.6) (514, -5910.7)
+472: (159, -362.2)
+478: (651, -3860.9)
+479: (544, 9613.5)
+481: (835, 7377.7)
+491: (341, -3853.8)
+494: (816, 1526.5)
+499: (1, 3220.2)
+502: (708, -3787.1)
+503: (716, 5609.7)
+504: (791, 3164.0)
+505: (309, -8607.2) (767, 9811.2)
+508: (630, 6632.5)
+513: (848, 7599.0)
+514: (529, 5535.0)
+515: (370, 9730.1) (597, -4162.4)
+516: (351, 2829.9)
+517: (502, -4945.4) (683, -8020.8)
+519: (387, -6033.9)
+521: (342, -9014.6)
+523: (511, -8006.1)
+526: (947, -7194.3)
+527: (272, -7508.4) (763, 1887.6)
+530: (169, 4495.6)
+534: (445, 4894.3)
+536: (226, -3810.2)
+538: (20, -6888.0)
+539: (620, -9929.0)
+545: (624, 8530.6) (963, -1781.2)
+547: (688, 115.4)
+549: (689, -3687.1)
+552: (508, -8452.2)
+553: (720, -6841.3)
+554: (279, 1879.5)
+555: (866, 3480.3) (954, -3249.3)
+556: (153, 709.7)
+561: (818, -1809.8)
+567: (369, -1951.4)
+568: (996, 3790.8)
+572: (761, 4345.3)
+577: (997, -2451.2)
+578: (903, -1557.8) (931, 1213.4)
+580: (567, 4964.1) (967, 1798.3)
+583: (271, -598.4)
+586: (598, -4051.9)
+587: (606, -8691.7)
+595: (778, -8230.6)
+596: (400, 8462.3)
+602: (851, -4273.3)
+606: (70, 2233.1)
+619: (544, 5991.8) (599, -2181.6)
+621: (261, 864.9)
+623: (436, 2470.1)
+629: (270, 7672.7) (696, 5874.9)
+633: (254, -9685.3)
+638: (796, -401.1)
+647: (389, 3702.1)
+652: (205, 5863.8) (884, -4118.6)
+653: (45, -9903.3)
+658: (631, -8891.7)
+661: (686, -713.9) (968, 4110.7)
+670: (344, -9331.8)
+671: (622, -3820.5)
+672: (773, 7078.2)
+673: (727, -1840.1)
+677: (935, 2476.3)
+683: (883, 1664.9)
+684: (311, -3201.0)
+686: (197, -4115.8) (363, 213.7) (937, 6099.5)
+687: (469, -9169.0)
+693: (280, -9298.2) (495, -8152.5) (941, -6726.7)
+695: (226, -1182.2) (636, -9401.6)
+696: (149, 4462.5)
+702: (131, 5921.1)
+704: (759, -6884.5)
+705: (320, -6729.2)
+706: (988, -5713.1)
+709: (622, -9791.4)
+711: (37, -1825.1)
+715: (378, -8730.5) (465, 3743.6)
+716: (251, -6490.8)
+719: (125, -7113.5)
+720: (820, 1442.4)
+722: (953, -4280.3)
+724: (313, 6981.9) (985, 1148.3)
+727: (315, 1153.1)
+728: (782, 5216.0)
+736: (414, -4956.1)
+738: (10, -5391.4)
+747: (320, 6906.0)
+749: (795, 2830.0)
+750: (256, -8699.6)
+752: (704, -4961.6)
+756: (51, -7013.0)
+757: (341, -2780.5) (744, 91.5)
+760: (676, 5189.4)
+762: (436, 9139.3) (716, 8510.2)
+765: (467, 9164.0) (651, -9058.0)
+766: (131, 2322.2)
+770: (220, 8518.3)
+773: (227, 9985.0)
+778: (61, 6149.3) (553, -8.7)
+779: (568, 2573.6)
+782: (84, 6174.4) (783, -7863.2)
+783: (494, 2916.6)
+785: (758, -9781.5)
+789: (31, -6911.8)
+792: (558, -1376.8)
+793: (674, -142.2)
+800: (203, -8412.7)
+801: (295, 4306.3)
+805: (21, 6080.5)
+807: (43, 6038.5) (102, 6955.6)
+811: (315, -1390.0)
+813: (486, -9180.0)
+814: (425, 9479.2)
+816: (779, -6278.3)
+817: (457, -6173.7)
+818: (130, 1571.6) (740, -218.7)
+820: (712, 7143.4)
+821: (220, -6287.9)
+823: (185, -350.9) (221, -3703.5)
+826: (301, 4567.4)
+827: (9, -6417.7)
+830: (411, -5949.4)
+833: (37, -9357.9) (658, 6820.2)
+835: (55, -8195.6)
+837: (672, 7729.2)
+845: (92, 2787.6)
+860: (954, 6962.6)
+864: (116, 2866.2)
+865: (951, 788.8)
+870: (614, 9785.1)
+871: (889, -2578.0)
+874: (520, -4240.5) (882, 4939.2)
+876: (445, -9553.7)
+885: (192, -5043.1) (793, 1810.2)
+886: (590, -8192.0)
+888: (823, 4914.7)
+893: (486, -1979.7)
+896: (625, 5918.5)
+897: (482, 4107.6)
+899: (321, 4693.6)
+910: (857, -2937.4)
+912: (578, -9474.5)
+914: (446, -7240.6) (841, -4707.2)
+917: (312, 60.8)
+924: (897, -112.8)
+925: (30, 7577.2)
+926: (405, 5225.5)
+929: (983, 6663.7)
+930: (553, 444.7)
+932: (929, -1570.4)
+934: (238, 9587.7)
+935: (426, 2847.0)
+936: (704, -9880.6)
+937: (725, 9503.3)
+939: (50, 398.3) (735, -3647.1)
+942: (203, 5249.9)
+945: (33, 9533.5)
+954: (725, -1169.5)
+956: (173, -4970.2)
+958: (214, -7850.7)
+967: (164, 1913.8)
+968: (772, -9181.4)
+971: (323, -1531.8) (704, -6246.5)
+976: (936, 7611.2)
+982: (614, -1457.9) (729, 8415.3)
+983: (123, -1207.5) (297, -2136.0)
+984: (10, 9558.3) (106, 1458.0)
+986: (578, 7546.6)
+987: (664, 7399.9)
+988: (595, 4330.0)
+993: (450, 811.7)
+995: (470, 6806.0)
+996: (231, -5267.3)
 
 A+A =
 1:(206, -5180.8) (945, 6728.0) 
@@ -747,6 +1081,340 @@
 993:(450, 1623.4) 
 
 B-A =
+1: (206, 2590.4) (945, -3364.0)
+2: (341, 5897.8)
+3: (572, -9541.5) (836, -7660.0)
+5: (212, -2288.2)
+9: (82, -1909.1)
+11: (487, 4872.9)
+12: (548, 848.2)
+13: (297, -6697.6) (911, 1681.3)
+15: (476, 9961.5)
+16: (878, -2013.6)
+21: (753, -4975.9)
+23: (934, -524.6)
+24: (196, 3332.1)
+25: (105, 5922.7)
+28: (739, 3490.4)
+29: (174, -7619.3)
+31: (40, -1718.1) (914, -2771.4)
+33: (840, 636.4)
+34: (855, 3410.6)
+35: (902, 1691.5)
+42: (313, 4919.2)
+44: (980, 1506.5)
+46: (415, -8021.3)
+49: (934, -6776.3)
+50: (152, -2852.1)
+54: (969, 8054.1)
+65: (768, 860.1)
+68: (167, 2246.3)
+71: (829, -2155.1)
+80: (528, 1343.5)
+85: (124, 8436.6) (554, -5112.0)
+86: (682, 9982.4) (957, 9259.9)
+88: (158, 6778.0)
+91: (288, -3648.9) (600, 2487.3)
+92: (334, 2752.7)
+95: (511, -8808.8)
+98: (981, 6001.8)
+100: (65, -4205.7)
+101: (604, -5894.3)
+107: (504, -3224.0)
+110: (728, 2355.2)
+112: (338, -9293.8)
+113: (483, 500.6)
+121: (485, 833.5)
+128: (721, -2403.6)
+131: (301, 2038.7)
+139: (371, -3832.3)
+144: (62, 568.8)
+153: (428, 3128.2)
+158: (219, 6576.7)
+160: (689, -1494.1)
+162: (397, -3915.8)
+163: (239, -5062.0)
+173: (255, -2255.3) (969, -3065.1)
+175: (498, -3245.4)
+183: (265, -3265.0)
+190: (330, -2514.9)
+191: (395, 3372.6) (469, -6685.7)
+196: (543, -8519.9)
+200: (151, -1820.9)
+208: (587, -4182.9)
+210: (258, -9482.9)
+213: (408, -9292.9)
+214: (216, 2076.4)
+216: (941, -7063.3)
+217: (412, 8198.3) (990, -1955.2)
+220: (97, 1694.1)
+223: (786, 3904.3)
+226: (780, -6380.8)
+227: (56, 2482.5) (181, 9462.7)
+228: (777, 525.8)
+232: (229, -3864.0)
+236: (879, -2942.9)
+238: (659, -4071.8)
+239: (54, 1372.3)
+241: (333, 1943.7)
+242: (216, 6720.8)
+245: (47, 2275.5)
+248: (422, 5915.6)
+251: (82, 2238.7) (398, 7924.0)
+252: (494, -2121.3)
+256: (358, -1187.1)
+266: (810, -1020.5)
+269: (153, 5046.7)
+276: (96, 7023.1)
+280: (749, 5329.4)
+281: (121, -772.3) (251, 2004.0)
+283: (79, -3402.6)
+285: (968, -9695.3)
+287: (922, -997.7)
+289: (183, -1479.9)
+290: (345, 518.4) (533, 309.1)
+291: (137, 2648.3)
+294: (536, 7296.8)
+295: (142, -4547.6)
+296: (21, 9722.9)
+299: (336, -7906.4)
+301: (531, -8641.8)
+305: (359, 3541.1) (426, -8311.3) (633, 3445.9)
+308: (94, 2899.7)
+310: (887, 6318.5)
+311: (625, -6051.7)
+314: (777, 7725.4)
+318: (199, 6424.6)
+320: (680, -8502.4)
+323: (750, -6290.7)
+324: (279, -6867.1)
+328: (458, 2220.3)
+329: (92, -4539.6) (638, -2560.0)
+333: (345, -4436.7) (567, -8048.8)
+334: (518, 7760.2)
+335: (334, 2976.4)
+336: (40, 384.3) (920, 2722.6)
+343: (458, -6589.1) (716, 1871.9)
+345: (913, -3447.9)
+348: (687, -1892.8)
+353: (793, -3307.5)
+354: (689, -4249.2)
+356: (950, 3575.3)
+357: (806, 6804.4)
+358: (194, 230.5) (538, -692.2)
+362: (619, 7582.1)
+364: (312, -6809.2)
+369: (308, 67.6)
+372: (239, 8049.7)
+373: (58, -8413.0)
+374: (552, -8697.3) (792, -296.7)
+375: (710, 3531.3)
+377: (225, 5133.0)
+378: (508, 5539.6) (597, -4616.2) (698, 2020.2)
+379: (87, -9753.0)
+382: (485, -5784.0)
+393: (267, -7122.0)
+394: (354, -7801.9)
+395: (125, 8621.7)
+397: (637, -7227.3)
+406: (996, 9868.2)
+407: (95, 8736.8) (298, 607.3)
+409: (142, 1231.9) (213, 182.9) (588, 9231.7)
+412: (556, -7370.7)
+414: (543, 563.7)
+418: (463, -7032.8)
+422: (12, 8306.2)
+427: (294, -8863.7)
+433: (558, -3713.1)
+434: (858, -3072.4)
+436: (404, -5765.7)
+439: (992, -8323.1)
+441: (168, -7728.7)
+442: (266, -184.4) (861, 1258.7)
+443: (329, -1196.4)
+447: (582, -7208.2)
+451: (795, 9341.4)
+454: (311, -3699.7)
+458: (427, -4203.0)
+461: (585, 4712.6)
+462: (285, 3737.6)
+467: (188, -1604.5) (273, 1597.9)
+468: (409, -3919.6) (514, 5910.7)
+472: (159, 362.2)
+478: (651, -3860.9)
+479: (544, 9613.5)
+481: (835, 7377.7)
+491: (341, -3853.8)
+494: (816, -1526.5)
+499: (1, -3220.2)
+502: (708, 3787.1)
+503: (716, -5609.7)
+504: (791, 3164.0)
+505: (309, 8607.2) (767, 9811.2)
+508: (630, -6632.5)
+513: (848, 7599.0)
+514: (529, -5535.0)
+515: (370, -9730.1) (597, -4162.4)
+516: (351, -2829.9)
+517: (502, 4945.4) (683, -8020.8)
+519: (387, 6033.9)
+521: (342, -9014.6)
+523: (511, -8006.1)
+526: (947, 7194.3)
+527: (272, -7508.4) (763, 1887.6)
+530: (169, 4495.6)
+534: (445, 4894.3)
+536: (226, 3810.2)
+538: (20, -6888.0)
+539: (620, -9929.0)
+545: (624, 8530.6) (963, 1781.2)
+547: (688, 115.4)
+549: (689, 3687.1)
+552: (508, -8452.2)
+553: (720, 6841.3)
+554: (279, -1879.5)
+555: (866, 3480.3) (954, -3249.3)
+556: (153, 709.7)
+561: (818, 1809.8)
+567: (369, -1951.4)
+568: (996, 3790.8)
+572: (761, -4345.3)
+577: (997, 2451.2)
+578: (903, -1557.8) (931, -1213.4)
+580: (567, -4964.1) (967, 1798.3)
+583: (271, 598.4)
+586: (598, 4051.9)
+587: (606, 8691.7)
+595: (778, 8230.6)
+596: (400, -8462.3)
+602: (851, -4273.3)
+606: (70, -2233.1)
+619: (544, 5991.8) (599, -2181.6)
+621: (261, -864.9)
+623: (436, 2470.1)
+629: (270, -7672.7) (696, -5874.9)
+633: (254, 9685.3)
+638: (796, -401.1)
+647: (389, -3702.1)
+652: (205, 5863.8) (884, 4118.6)
+653: (45, 9903.3)
+658: (631, 8891.7)
+661: (686, -713.9) (968, -4110.7)
+670: (344, 9331.8)
+671: (622, -3820.5)
+672: (773, -7078.2)
+673: (727, 1840.1)
+677: (935, 2476.3)
+683: (883, 1664.9)
+684: (311, -3201.0)
+686: (197, 4115.8) (363, 213.7) (937, -6099.5)
+687: (469, 9169.0)
+693: (280, -9298.2) (495, -8152.5) (941, -6726.7)
+695: (226, 1182.2) (636, -9401.6)
+696: (149, 4462.5)
+702: (131, -5921.1)
+704: (759, 6884.5)
+705: (320, -6729.2)
+706: (988, 5713.1)
+709: (622, 9791.4)
+711: (37, 1825.1)
+715: (378, -8730.5) (465, 3743.6)
+716: (251, -6490.8)
+719: (125, 7113.5)
+720: (820, -1442.4)
+722: (953, -4280.3)
+724: (313, -6981.9) (985, 1148.3)
+727: (315, 1153.1)
+728: (782, -5216.0)
+736: (414, -4956.1)
+738: (10, 5391.4)
+747: (320, -6906.0)
+749: (795, 2830.0)
+750: (256, -8699.6)
+752: (704, 4961.6)
+756: (51, -7013.0)
+757: (341, 2780.5) (744, -91.5)
+760: (676, -5189.4)
+762: (436, 9139.3) (716, 8510.2)
+765: (467, 9164.0) (651, 9058.0)
+766: (131, -2322.2)
+770: (220, -8518.3)
+773: (227, -9985.0)
+778: (61, 6149.3) (553, 8.7)
+779: (568, -2573.6)
+782: (84, 6174.4) (783, -7863.2)
+783: (494, 2916.6)
+785: (758, 9781.5)
+789: (31, -6911.8)
+792: (558, -1376.8)
+793: (674, -142.2)
+800: (203, 8412.7)
+801: (295, 4306.3)
+805: (21, -6080.5)
+807: (43, -6038.5) (102, 6955.6)
+811: (315, -1390.0)
+813: (486, 9180.0)
+814: (425, -9479.2)
+816: (779, 6278.3)
+817: (457, -6173.7)
+818: (130, 1571.6) (740, -218.7)
+820: (712, 7143.4)
+821: (220, -6287.9)
+823: (185, 350.9) (221, 3703.5)
+826: (301, 4567.4)
+827: (9, 6417.7)
+830: (411, -5949.4)
+833: (37, 9357.9) (658, -6820.2)
+835: (55, -8195.6)
+837: (672, -7729.2)
+845: (92, 2787.6)
+860: (954, -6962.6)
+864: (116, 2866.2)
+865: (951, -788.8)
+870: (614, -9785.1)
+871: (889, -2578.0)
+874: (520, -4240.5) (882, -4939.2)
+876: (445, 9553.7)
+885: (192, 5043.1) (793, -1810.2)
+886: (590, -8192.0)
+888: (823, -4914.7)
+893: (486, -1979.7)
+896: (625, 5918.5)
+897: (482, -4107.6)
+899: (321, -4693.6)
+910: (857, 2937.4)
+912: (578, -9474.5)
+914: (446, -7240.6) (841, 4707.2)
+917: (312, -60.8)
+924: (897, 112.8)
+925: (30, 7577.2)
+926: (405, 5225.5)
+929: (983, 6663.7)
+930: (553, 444.7)
+932: (929, 1570.4)
+934: (238, 9587.7)
+935: (426, 2847.0)
+936: (704, 9880.6)
+937: (725, -9503.3)
+939: (50, -398.3) (735, 3647.1)
+942: (203, 5249.9)
+945: (33, -9533.5)
+954: (725, 1169.5)
+956: (173, -4970.2)
+958: (214, 7850.7)
+967: (164, 1913.8)
+968: (772, -9181.4)
+971: (323, -1531.8) (704, 6246.5)
+976: (936, -7611.2)
+982: (614, -1457.9) (729, -8415.3)
+983: (123, 1207.5) (297, 2136.0)
+984: (10, -9558.3) (106, 1458.0)
+986: (578, -7546.6)
+987: (664, 7399.9)
+988: (595, -4330.0)
+993: (450, -811.7)
+995: (470, 6806.0)
+996: (231, -5267.3)
 
 A-A =
 
==========


Passed 0 Sparse tests for a total of 0 / 10 points





Press Enter To Continue with ListTest Results


Test Empty_length: PASSED
Test Append_length: PASSED
Test Prepend_length: PASSED
Test InsertAfter_length: PASSED
Test InsertBefore_length: PASSED
Test DeleteFront_length: PASSED
Test DeleteBack_length: PASSED
Test Delete_length: PASSED
Test EmptyList_index: PASSED
Test MoveFront_index: PASSED
Test MoveBack_index: PASSED
Test MoveNext_index: PASSED
Test MovePrev_index: PASSED
Test Append_index: PASSED
Test Prepend_index: PASSED
Test InsertAfter_index: PASSED
Test InsertBefore_index: PASSED
Test DeleteFront_index: PASSED
Test DeleteBack_index: PASSED
Test Delete_index: PASSED
Test Empty_clear: PASSED
Test NonEmpty_clear: PASSED
Test Set_get: PASSED
Test Set_front: PASSED
Test NonEmpty_front: PASSED
Test Set_back: PASSED
Test NonEmpty_back: PASSED

You passed 27 out of 27 tests

You will receive 10 out of 10 possible points on the ListTests





Press Enter To Continue with MatrixTest Results




Test Empty_getSize: PASSED
Test NonEmpty_getSize: PASSED
Test Empty_getNNZ: PASSED
Test MakeZero_getNNZ: PASSED
Test ChangeEntry_getNNZ: PASSED
Test Copy_getNNZ: PASSED
Test Transpose_getNNZ: PASSED
Test Sum_getNNZ: FAILED: test 2
Test Diff_getNNZ: FAILED: test 2
Test ScalarMult_getNNZ: PASSED
Test Product_getNNZ: PASSED
Test Empty_equals: PASSED
Test NonEmpty_equals: FAILED: test 6

You passed 10 out of 13 tests

You will receive 40 out of 52 possible points on the MatrixTests



gcc -c -std=c99 -Wall -g Sparse.c
gcc -c -std=c99 -Wall -g Matrix.c
gcc -c -std=c99 -Wall -g List.c
gcc -o Sparse Sparse.o Matrix.o List.o

Makefile probably correctly creates Executable!



rm -f Sparse Sparse.o Matrix.o List.o
